<html>
<head>
<title>TestNG:  Surefire test</title>
<link href="../testng.css" rel="stylesheet" type="text/css" />
<link href="../my-testng.css" rel="stylesheet" type="text/css" />

<style type="text/css">
.log { display: none;} 
.stack-trace { display: none;} 
</style>
<script type="text/javascript">
<!--
function flip(e) {
  current = e.style.display;
  if (current == 'block') {
    e.style.display = 'none';
    return 0;
  }
  else {
    e.style.display = 'block';
    return 1;
  }
}

function toggleBox(szDivId, elem, msg1, msg2)
{
  var res = -1;  if (document.getElementById) {
    res = flip(document.getElementById(szDivId));
  }
  else if (document.all) {
    // this is the way old msie versions work
    res = flip(document.all[szDivId]);
  }
  if(elem) {
    if(res == 0) elem.innerHTML = msg1; else elem.innerHTML = msg2;
  }

}

function toggleAllBoxes() {
  if (document.getElementsByTagName) {
    d = document.getElementsByTagName('div');
    for (i = 0; i < d.length; i++) {
      if (d[i].className == 'log') {
        flip(d[i]);
      }
    }
  }
}

// -->
</script>

</head>
<body>
<h2 align='center'>Surefire test</h2><table border='1' align="center">
<tr>
<td>Tests passed/Failed/Skipped:</td><td>6/0/2</td>
</tr><tr>
<td>Started on:</td><td>Thu Jul 15 12:49:15 IST 2021</td>
</tr>
<tr><td>Total time:</td><td>700 seconds (700938 ms)</td>
</tr><tr>
<td>Included groups:</td><td></td>
</tr><tr>
<td>Excluded groups:</td><td></td>
</tr>
</table><p/>
<small><i>(Hover the method name to see the test class name)</i></small><p/>
<table width='100%' border='1' class='invocation-failed'>
<tr><td colspan='4' align='center'><b>FAILED CONFIGURATIONS</b></td></tr>
<tr><td><b>Test method</b></td>
<td width="30%"><b>Exception</b></td>
<td width="10%"><b>Time (seconds)</b></td>
<td><b>Instance</b></td>
</tr>
<tr>
<td title='com.crm.qa.testcases.HomePageTest.setUp()'><b>setUp</b><br>Test class: com.crm.qa.testcases.HomePageTest</td>
<td><div><pre>org.openqa.selenium.SessionNotCreatedException: session not created
from timeout: Timed out receiving message from renderer: 600.000
  (Session info: chrome=91.0.4472.124)
Build info: version: &apos;3.141.59&apos;, revision: &apos;e82be7d358&apos;, time: &apos;2018-11-14T08:17:03&apos;
System info: host: &apos;DESKTOP-S5UNGIC&apos;, ip: &apos;192.168.29.135&apos;, os.name: &apos;Windows 10&apos;, os.arch: &apos;amd64&apos;, os.version: &apos;10.0&apos;, java.version: &apos;1.8.0_221&apos;
Driver info: driver.version: ChromeDriver
remote stacktrace: Backtrace:
	Ordinal0 [0x00313733+2504499]
	Ordinal0 [0x002AC401+2081793]
	Ordinal0 [0x001B2628+1058344]
	Ordinal0 [0x001A4EBF+1003199]
	Ordinal0 [0x001A3EF9+999161]
	Ordinal0 [0x001A41B6+999862]
	Ordinal0 [0x001A3AA5+998053]
	Ordinal0 [0x001AA6DD+1025757]
	Ordinal0 [0x001A3A61+997985]
	Ordinal0 [0x001A4986+1001862]
	Ordinal0 [0x001A3EF9+999161]
	Ordinal0 [0x001A41B6+999862]
	Ordinal0 [0x001A3AA5+998053]
	Ordinal0 [0x001A990C+1022220]
	Ordinal0 [0x001A3A61+997985]
	Ordinal0 [0x001A4986+1001862]
	Ordinal0 [0x001A3EF9+999161]
	Ordinal0 [0x001A41B6+999862]
	Ordinal0 [0x001A3AA5+998053]
	Ordinal0 [0x0019F5DD+980445]
	Ordinal0 [0x001A3A61+997985]
	Ordinal0 [0x001A3800+997376]
	Ordinal0 [0x001A3599+996761]
	Ordinal0 [0x001B3830+1062960]
	Ordinal0 [0x001FABB9+1354681]
	Ordinal0 [0x001F97DA+1349594]
	Ordinal0 [0x001F5D4B+1334603]
	Ordinal0 [0x001D22B4+1188532]
	Ordinal0 [0x001D3149+1192265]
	GetHandleVerifier [0x0048FB8C+1512252]
	GetHandleVerifier [0x0053B0DF+2214031]
	GetHandleVerifier [0x00394BC3+484211]
	GetHandleVerifier [0x00393E69+480793]
	Ordinal0 [0x002B218D+2105741]
	Ordinal0 [0x002B66E8+2123496]
	Ordinal0 [0x002B6827+2123815]
	Ordinal0 [0x002BFB73+2161523]
	BaseThreadInitThunk [0x75B9FA29+25]
	RtlGetAppContainerNamedObjectPath [0x77B87A7E+286]
	RtlGetAppContainerNamedObjectPath [0x77B87A4E+238]
	(No symbol) [0x00000000]

	at org.openqa.selenium.remote.W3CHandshakeResponse.lambda$errorHandler$0(W3CHandshakeResponse.java:62)
	at org.openqa.selenium.remote.HandshakeResponse.lambda$getResponseFunction$0(HandshakeResponse.java:30)
	at org.openqa.selenium.remote.ProtocolHandshake.lambda$createSession$0(ProtocolHandshake.java:126)
	at java.util.stream.ReferencePipeline$3$1.accept(ReferencePipeline.java:193)
	at java.util.Spliterators$ArraySpliterator.tryAdvance(Spliterators.java:958)
	at java.util.stream.ReferencePipeline.forEachWithCancel(ReferencePipeline.java:126)
	at java.util.stream.AbstractPipeline.copyIntoWithCancel(AbstractPipeline.java:499)
	at java.util.stream.AbstractPipeline.copyInto(AbstractPipeline.java:486)
	at java.util.stream.AbstractPipeline.wrapAndCopyInto(AbstractPipeline.java:472)
	at java.util.stream.FindOps$FindOp.evaluateSequential(FindOps.java:152)
	at java.util.stream.AbstractPipeline.evaluate(AbstractPipeline.java:234)
	at java.util.stream.ReferencePipeline.findFirst(ReferencePipeline.java:464)
	at org.openqa.selenium.remote.ProtocolHandshake.createSession(ProtocolHandshake.java:128)
	at org.openqa.selenium.remote.ProtocolHandshake.createSession(ProtocolHandshake.java:74)
	at org.openqa.selenium.remote.HttpCommandExecutor.execute(HttpCommandExecutor.java:136)
	at org.openqa.selenium.remote.service.DriverCommandExecutor.execute(DriverCommandExecutor.java:83)
	at org.openqa.selenium.remote.RemoteWebDriver.execute(RemoteWebDriver.java:552)
	at org.openqa.selenium.remote.RemoteWebDriver.startSession(RemoteWebDriver.java:213)
	at org.openqa.selenium.remote.RemoteWebDriver.&lt;init&gt;(RemoteWebDriver.java:131)
	at org.openqa.selenium.chrome.ChromeDriver.&lt;init&gt;(ChromeDriver.java:181)
	at org.openqa.selenium.chrome.ChromeDriver.&lt;init&gt;(ChromeDriver.java:168)
	at org.openqa.selenium.chrome.ChromeDriver.&lt;init&gt;(ChromeDriver.java:123)
	at com.crm.qa.base.TestBase.initialization(TestBase.java:40)
	at com.crm.qa.testcases.HomePageTest.setUp(HomePageTest.java:30)
	at java.util.ArrayList.forEach(ArrayList.java:1257)
... Removed 40 stack frames</pre></div><a href='#' onClick='toggleBox("stack-trace215632153", this, "Click to show all stack frames", "Click to hide stack frames")'>Click to show all stack frames</a>
<div class='stack-trace' id='stack-trace215632153'><pre>org.openqa.selenium.SessionNotCreatedException: session not created
from timeout: Timed out receiving message from renderer: 600.000
  (Session info: chrome=91.0.4472.124)
Build info: version: &apos;3.141.59&apos;, revision: &apos;e82be7d358&apos;, time: &apos;2018-11-14T08:17:03&apos;
System info: host: &apos;DESKTOP-S5UNGIC&apos;, ip: &apos;192.168.29.135&apos;, os.name: &apos;Windows 10&apos;, os.arch: &apos;amd64&apos;, os.version: &apos;10.0&apos;, java.version: &apos;1.8.0_221&apos;
Driver info: driver.version: ChromeDriver
remote stacktrace: Backtrace:
	Ordinal0 [0x00313733+2504499]
	Ordinal0 [0x002AC401+2081793]
	Ordinal0 [0x001B2628+1058344]
	Ordinal0 [0x001A4EBF+1003199]
	Ordinal0 [0x001A3EF9+999161]
	Ordinal0 [0x001A41B6+999862]
	Ordinal0 [0x001A3AA5+998053]
	Ordinal0 [0x001AA6DD+1025757]
	Ordinal0 [0x001A3A61+997985]
	Ordinal0 [0x001A4986+1001862]
	Ordinal0 [0x001A3EF9+999161]
	Ordinal0 [0x001A41B6+999862]
	Ordinal0 [0x001A3AA5+998053]
	Ordinal0 [0x001A990C+1022220]
	Ordinal0 [0x001A3A61+997985]
	Ordinal0 [0x001A4986+1001862]
	Ordinal0 [0x001A3EF9+999161]
	Ordinal0 [0x001A41B6+999862]
	Ordinal0 [0x001A3AA5+998053]
	Ordinal0 [0x0019F5DD+980445]
	Ordinal0 [0x001A3A61+997985]
	Ordinal0 [0x001A3800+997376]
	Ordinal0 [0x001A3599+996761]
	Ordinal0 [0x001B3830+1062960]
	Ordinal0 [0x001FABB9+1354681]
	Ordinal0 [0x001F97DA+1349594]
	Ordinal0 [0x001F5D4B+1334603]
	Ordinal0 [0x001D22B4+1188532]
	Ordinal0 [0x001D3149+1192265]
	GetHandleVerifier [0x0048FB8C+1512252]
	GetHandleVerifier [0x0053B0DF+2214031]
	GetHandleVerifier [0x00394BC3+484211]
	GetHandleVerifier [0x00393E69+480793]
	Ordinal0 [0x002B218D+2105741]
	Ordinal0 [0x002B66E8+2123496]
	Ordinal0 [0x002B6827+2123815]
	Ordinal0 [0x002BFB73+2161523]
	BaseThreadInitThunk [0x75B9FA29+25]
	RtlGetAppContainerNamedObjectPath [0x77B87A7E+286]
	RtlGetAppContainerNamedObjectPath [0x77B87A4E+238]
	(No symbol) [0x00000000]

	at sun.reflect.NativeConstructorAccessorImpl.newInstance0(Native Method)
	at sun.reflect.NativeConstructorAccessorImpl.newInstance(NativeConstructorAccessorImpl.java:62)
	at sun.reflect.DelegatingConstructorAccessorImpl.newInstance(DelegatingConstructorAccessorImpl.java:45)
	at java.lang.reflect.Constructor.newInstance(Constructor.java:423)
	at org.openqa.selenium.remote.W3CHandshakeResponse.lambda$errorHandler$0(W3CHandshakeResponse.java:62)
	at org.openqa.selenium.remote.HandshakeResponse.lambda$getResponseFunction$0(HandshakeResponse.java:30)
	at org.openqa.selenium.remote.ProtocolHandshake.lambda$createSession$0(ProtocolHandshake.java:126)
	at java.util.stream.ReferencePipeline$3$1.accept(ReferencePipeline.java:193)
	at java.util.Spliterators$ArraySpliterator.tryAdvance(Spliterators.java:958)
	at java.util.stream.ReferencePipeline.forEachWithCancel(ReferencePipeline.java:126)
	at java.util.stream.AbstractPipeline.copyIntoWithCancel(AbstractPipeline.java:499)
	at java.util.stream.AbstractPipeline.copyInto(AbstractPipeline.java:486)
	at java.util.stream.AbstractPipeline.wrapAndCopyInto(AbstractPipeline.java:472)
	at java.util.stream.FindOps$FindOp.evaluateSequential(FindOps.java:152)
	at java.util.stream.AbstractPipeline.evaluate(AbstractPipeline.java:234)
	at java.util.stream.ReferencePipeline.findFirst(ReferencePipeline.java:464)
	at org.openqa.selenium.remote.ProtocolHandshake.createSession(ProtocolHandshake.java:128)
	at org.openqa.selenium.remote.ProtocolHandshake.createSession(ProtocolHandshake.java:74)
	at org.openqa.selenium.remote.HttpCommandExecutor.execute(HttpCommandExecutor.java:136)
	at org.openqa.selenium.remote.service.DriverCommandExecutor.execute(DriverCommandExecutor.java:83)
	at org.openqa.selenium.remote.RemoteWebDriver.execute(RemoteWebDriver.java:552)
	at org.openqa.selenium.remote.RemoteWebDriver.startSession(RemoteWebDriver.java:213)
	at org.openqa.selenium.remote.RemoteWebDriver.&lt;init&gt;(RemoteWebDriver.java:131)
	at org.openqa.selenium.chrome.ChromeDriver.&lt;init&gt;(ChromeDriver.java:181)
	at org.openqa.selenium.chrome.ChromeDriver.&lt;init&gt;(ChromeDriver.java:168)
	at org.openqa.selenium.chrome.ChromeDriver.&lt;init&gt;(ChromeDriver.java:123)
	at com.crm.qa.base.TestBase.initialization(TestBase.java:40)
	at com.crm.qa.testcases.HomePageTest.setUp(HomePageTest.java:30)
	at sun.reflect.NativeMethodAccessorImpl.invoke0(Native Method)
	at sun.reflect.NativeMethodAccessorImpl.invoke(NativeMethodAccessorImpl.java:62)
	at sun.reflect.DelegatingMethodAccessorImpl.invoke(DelegatingMethodAccessorImpl.java:43)
	at java.lang.reflect.Method.invoke(Method.java:498)
	at org.testng.internal.MethodInvocationHelper.invokeMethod(MethodInvocationHelper.java:132)
	at org.testng.internal.MethodInvocationHelper.invokeMethodConsideringTimeout(MethodInvocationHelper.java:61)
	at org.testng.internal.ConfigInvoker.invokeConfigurationMethod(ConfigInvoker.java:366)
	at org.testng.internal.ConfigInvoker.invokeConfigurations(ConfigInvoker.java:320)
	at org.testng.internal.TestInvoker.runConfigMethods(TestInvoker.java:701)
	at org.testng.internal.TestInvoker.invokeMethod(TestInvoker.java:527)
	at org.testng.internal.TestInvoker.invokeTestMethod(TestInvoker.java:174)
	at org.testng.internal.MethodRunner.runInSequence(MethodRunner.java:46)
	at org.testng.internal.TestInvoker$MethodInvocationAgent.invoke(TestInvoker.java:822)
	at org.testng.internal.TestInvoker.invokeTestMethods(TestInvoker.java:147)
	at org.testng.internal.TestMethodWorker.invokeTestMethods(TestMethodWorker.java:146)
	at org.testng.internal.TestMethodWorker.run(TestMethodWorker.java:128)
	at java.util.ArrayList.forEach(ArrayList.java:1257)
	at org.testng.TestRunner.privateRun(TestRunner.java:764)
	at org.testng.TestRunner.run(TestRunner.java:585)
	at org.testng.SuiteRunner.runTest(SuiteRunner.java:384)
	at org.testng.SuiteRunner.runSequentially(SuiteRunner.java:378)
	at org.testng.SuiteRunner.privateRun(SuiteRunner.java:337)
	at org.testng.SuiteRunner.run(SuiteRunner.java:286)
	at org.testng.SuiteRunnerWorker.runSuite(SuiteRunnerWorker.java:53)
	at org.testng.SuiteRunnerWorker.run(SuiteRunnerWorker.java:96)
	at org.testng.TestNG.runSuitesSequentially(TestNG.java:1218)
	at org.testng.TestNG.runSuitesLocally(TestNG.java:1140)
	at org.testng.TestNG.runSuites(TestNG.java:1069)
	at org.testng.TestNG.run(TestNG.java:1037)
	at org.apache.maven.surefire.testng.TestNGExecutor.run(TestNGExecutor.java:135)
	at org.apache.maven.surefire.testng.TestNGDirectoryTestSuite.executeMulti(TestNGDirectoryTestSuite.java:193)
	at org.apache.maven.surefire.testng.TestNGDirectoryTestSuite.execute(TestNGDirectoryTestSuite.java:94)
	at org.apache.maven.surefire.testng.TestNGProvider.invoke(TestNGProvider.java:146)
	at org.apache.maven.surefire.booter.ForkedBooter.invokeProviderInSameClassLoader(ForkedBooter.java:384)
	at org.apache.maven.surefire.booter.ForkedBooter.runSuitesInProcess(ForkedBooter.java:345)
	at org.apache.maven.surefire.booter.ForkedBooter.execute(ForkedBooter.java:126)
	at org.apache.maven.surefire.booter.ForkedBooter.main(ForkedBooter.java:418)
</pre></div></td>
<td>601</td>
<td>com.crm.qa.testcases.HomePageTest@1e127982</td></tr>
</table><p>
<table width='100%' border='1' class='invocation-skipped'>
<tr><td colspan='4' align='center'><b>SKIPPED CONFIGURATIONS</b></td></tr>
<tr><td><b>Test method</b></td>
<td width="30%"><b>Exception</b></td>
<td width="10%"><b>Time (seconds)</b></td>
<td><b>Instance</b></td>
</tr>
<tr>
<td title='com.crm.qa.testcases.HomePageTest.setUp()'><b>setUp</b><br>Test class: com.crm.qa.testcases.HomePageTest</td>
<td></td>
<td>-1626334233</td>
<td>com.crm.qa.testcases.HomePageTest@1e127982</td></tr>
<tr>
<td title='com.crm.qa.testcases.HomePageTest.tearDown()'><b>tearDown</b><br>Test class: com.crm.qa.testcases.HomePageTest</td>
<td></td>
<td>-1626334233</td>
<td>com.crm.qa.testcases.HomePageTest@1e127982</td></tr>
<tr>
<td title='com.crm.qa.testcases.HomePageTest.tearDown()'><b>tearDown</b><br>Test class: com.crm.qa.testcases.HomePageTest</td>
<td></td>
<td>-1626334233</td>
<td>com.crm.qa.testcases.HomePageTest@1e127982</td></tr>
</table><p>
<table width='100%' border='1' class='invocation-passed'>
<tr><td colspan='4' align='center'><b>PASSED TESTS</b></td></tr>
<tr><td><b>Test method</b></td>
<td width="30%"><b>Exception</b></td>
<td width="10%"><b>Time (seconds)</b></td>
<td><b>Instance</b></td>
</tr>
<tr>
<td title='com.crm.qa.testcases.LoginPageTest.validateLoginPageTitle()'><b>validateLoginPageTitle</b><br>Test class: com.crm.qa.testcases.LoginPageTest</td>
<td></td>
<td>0</td>
<td>com.crm.qa.testcases.LoginPageTest@60c6f5b</td></tr>
<tr>
<td title='com.crm.qa.testcases.ContactPageTest.validatecCreateNewContact()'><b>validatecCreateNewContact</b><br>Test class: com.crm.qa.testcases.ContactPageTest<br>Parameters: Mr., Deepak, Muna, XX</td>
<td></td>
<td>4</td>
<td>com.crm.qa.testcases.ContactPageTest@617faa95</td></tr>
<tr>
<td title='com.crm.qa.testcases.ContactPageTest.validatecCreateNewContact()'><b>validatecCreateNewContact</b><br>Test class: com.crm.qa.testcases.ContactPageTest<br>Parameters: Dr., Aaara, Khan, YY</td>
<td></td>
<td>3</td>
<td>com.crm.qa.testcases.ContactPageTest@617faa95</td></tr>
<tr>
<td title='com.crm.qa.testcases.ContactPageTest.validatecCreateNewContact()'><b>validatecCreateNewContact</b><br>Test class: com.crm.qa.testcases.ContactPageTest<br>Parameters: Mrs., Deepthi, Sundhar, ZZZ</td>
<td></td>
<td>4</td>
<td>com.crm.qa.testcases.ContactPageTest@617faa95</td></tr>
<tr>
<td title='com.crm.qa.testcases.LoginPageTest.validateloginTest()'><b>validateloginTest</b><br>Test class: com.crm.qa.testcases.LoginPageTest</td>
<td></td>
<td>5</td>
<td>com.crm.qa.testcases.LoginPageTest@60c6f5b</td></tr>
<tr>
<td title='com.crm.qa.testcases.HomePageTest.verifyHomePageTitle()'><b>verifyHomePageTitle</b><br>Test class: com.crm.qa.testcases.HomePageTest</td>
<td></td>
<td>0</td>
<td>com.crm.qa.testcases.HomePageTest@1e127982</td></tr>
</table><p>
<table width='100%' border='1' class='invocation-skipped'>
<tr><td colspan='4' align='center'><b>SKIPPED TESTS</b></td></tr>
<tr><td><b>Test method</b></td>
<td width="30%"><b>Exception</b></td>
<td width="10%"><b>Time (seconds)</b></td>
<td><b>Instance</b></td>
</tr>
<tr>
<td title='com.crm.qa.testcases.HomePageTest.clickOnContactsLink()'><b>clickOnContactsLink</b><br>Test class: com.crm.qa.testcases.HomePageTest</td>
<td><div><pre>org.openqa.selenium.SessionNotCreatedException: session not created
from timeout: Timed out receiving message from renderer: 600.000
  (Session info: chrome=91.0.4472.124)
Build info: version: &apos;3.141.59&apos;, revision: &apos;e82be7d358&apos;, time: &apos;2018-11-14T08:17:03&apos;
System info: host: &apos;DESKTOP-S5UNGIC&apos;, ip: &apos;192.168.29.135&apos;, os.name: &apos;Windows 10&apos;, os.arch: &apos;amd64&apos;, os.version: &apos;10.0&apos;, java.version: &apos;1.8.0_221&apos;
Driver info: driver.version: ChromeDriver
remote stacktrace: Backtrace:
	Ordinal0 [0x00313733+2504499]
	Ordinal0 [0x002AC401+2081793]
	Ordinal0 [0x001B2628+1058344]
	Ordinal0 [0x001A4EBF+1003199]
	Ordinal0 [0x001A3EF9+999161]
	Ordinal0 [0x001A41B6+999862]
	Ordinal0 [0x001A3AA5+998053]
	Ordinal0 [0x001AA6DD+1025757]
	Ordinal0 [0x001A3A61+997985]
	Ordinal0 [0x001A4986+1001862]
	Ordinal0 [0x001A3EF9+999161]
	Ordinal0 [0x001A41B6+999862]
	Ordinal0 [0x001A3AA5+998053]
	Ordinal0 [0x001A990C+1022220]
	Ordinal0 [0x001A3A61+997985]
	Ordinal0 [0x001A4986+1001862]
	Ordinal0 [0x001A3EF9+999161]
	Ordinal0 [0x001A41B6+999862]
	Ordinal0 [0x001A3AA5+998053]
	Ordinal0 [0x0019F5DD+980445]
	Ordinal0 [0x001A3A61+997985]
	Ordinal0 [0x001A3800+997376]
	Ordinal0 [0x001A3599+996761]
	Ordinal0 [0x001B3830+1062960]
	Ordinal0 [0x001FABB9+1354681]
	Ordinal0 [0x001F97DA+1349594]
	Ordinal0 [0x001F5D4B+1334603]
	Ordinal0 [0x001D22B4+1188532]
	Ordinal0 [0x001D3149+1192265]
	GetHandleVerifier [0x0048FB8C+1512252]
	GetHandleVerifier [0x0053B0DF+2214031]
	GetHandleVerifier [0x00394BC3+484211]
	GetHandleVerifier [0x00393E69+480793]
	Ordinal0 [0x002B218D+2105741]
	Ordinal0 [0x002B66E8+2123496]
	Ordinal0 [0x002B6827+2123815]
	Ordinal0 [0x002BFB73+2161523]
	BaseThreadInitThunk [0x75B9FA29+25]
	RtlGetAppContainerNamedObjectPath [0x77B87A7E+286]
	RtlGetAppContainerNamedObjectPath [0x77B87A4E+238]
	(No symbol) [0x00000000]

	at org.openqa.selenium.remote.W3CHandshakeResponse.lambda$errorHandler$0(W3CHandshakeResponse.java:62)
	at org.openqa.selenium.remote.HandshakeResponse.lambda$getResponseFunction$0(HandshakeResponse.java:30)
	at org.openqa.selenium.remote.ProtocolHandshake.lambda$createSession$0(ProtocolHandshake.java:126)
	at java.util.stream.ReferencePipeline$3$1.accept(ReferencePipeline.java:193)
	at java.util.Spliterators$ArraySpliterator.tryAdvance(Spliterators.java:958)
	at java.util.stream.ReferencePipeline.forEachWithCancel(ReferencePipeline.java:126)
	at java.util.stream.AbstractPipeline.copyIntoWithCancel(AbstractPipeline.java:499)
	at java.util.stream.AbstractPipeline.copyInto(AbstractPipeline.java:486)
	at java.util.stream.AbstractPipeline.wrapAndCopyInto(AbstractPipeline.java:472)
	at java.util.stream.FindOps$FindOp.evaluateSequential(FindOps.java:152)
	at java.util.stream.AbstractPipeline.evaluate(AbstractPipeline.java:234)
	at java.util.stream.ReferencePipeline.findFirst(ReferencePipeline.java:464)
	at org.openqa.selenium.remote.ProtocolHandshake.createSession(ProtocolHandshake.java:128)
	at org.openqa.selenium.remote.ProtocolHandshake.createSession(ProtocolHandshake.java:74)
	at org.openqa.selenium.remote.HttpCommandExecutor.execute(HttpCommandExecutor.java:136)
	at org.openqa.selenium.remote.service.DriverCommandExecutor.execute(DriverCommandExecutor.java:83)
	at org.openqa.selenium.remote.RemoteWebDriver.execute(RemoteWebDriver.java:552)
	at org.openqa.selenium.remote.RemoteWebDriver.startSession(RemoteWebDriver.java:213)
	at org.openqa.selenium.remote.RemoteWebDriver.&lt;init&gt;(RemoteWebDriver.java:131)
	at org.openqa.selenium.chrome.ChromeDriver.&lt;init&gt;(ChromeDriver.java:181)
	at org.openqa.selenium.chrome.ChromeDriver.&lt;init&gt;(ChromeDriver.java:168)
	at org.openqa.selenium.chrome.ChromeDriver.&lt;init&gt;(ChromeDriver.java:123)
	at com.crm.qa.base.TestBase.initialization(TestBase.java:40)
	at com.crm.qa.testcases.HomePageTest.setUp(HomePageTest.java:30)
	at java.util.ArrayList.forEach(ArrayList.java:1257)
... Removed 40 stack frames</pre></div><a href='#' onClick='toggleBox("stack-trace1904609259", this, "Click to show all stack frames", "Click to hide stack frames")'>Click to show all stack frames</a>
<div class='stack-trace' id='stack-trace1904609259'><pre>org.openqa.selenium.SessionNotCreatedException: session not created
from timeout: Timed out receiving message from renderer: 600.000
  (Session info: chrome=91.0.4472.124)
Build info: version: &apos;3.141.59&apos;, revision: &apos;e82be7d358&apos;, time: &apos;2018-11-14T08:17:03&apos;
System info: host: &apos;DESKTOP-S5UNGIC&apos;, ip: &apos;192.168.29.135&apos;, os.name: &apos;Windows 10&apos;, os.arch: &apos;amd64&apos;, os.version: &apos;10.0&apos;, java.version: &apos;1.8.0_221&apos;
Driver info: driver.version: ChromeDriver
remote stacktrace: Backtrace:
	Ordinal0 [0x00313733+2504499]
	Ordinal0 [0x002AC401+2081793]
	Ordinal0 [0x001B2628+1058344]
	Ordinal0 [0x001A4EBF+1003199]
	Ordinal0 [0x001A3EF9+999161]
	Ordinal0 [0x001A41B6+999862]
	Ordinal0 [0x001A3AA5+998053]
	Ordinal0 [0x001AA6DD+1025757]
	Ordinal0 [0x001A3A61+997985]
	Ordinal0 [0x001A4986+1001862]
	Ordinal0 [0x001A3EF9+999161]
	Ordinal0 [0x001A41B6+999862]
	Ordinal0 [0x001A3AA5+998053]
	Ordinal0 [0x001A990C+1022220]
	Ordinal0 [0x001A3A61+997985]
	Ordinal0 [0x001A4986+1001862]
	Ordinal0 [0x001A3EF9+999161]
	Ordinal0 [0x001A41B6+999862]
	Ordinal0 [0x001A3AA5+998053]
	Ordinal0 [0x0019F5DD+980445]
	Ordinal0 [0x001A3A61+997985]
	Ordinal0 [0x001A3800+997376]
	Ordinal0 [0x001A3599+996761]
	Ordinal0 [0x001B3830+1062960]
	Ordinal0 [0x001FABB9+1354681]
	Ordinal0 [0x001F97DA+1349594]
	Ordinal0 [0x001F5D4B+1334603]
	Ordinal0 [0x001D22B4+1188532]
	Ordinal0 [0x001D3149+1192265]
	GetHandleVerifier [0x0048FB8C+1512252]
	GetHandleVerifier [0x0053B0DF+2214031]
	GetHandleVerifier [0x00394BC3+484211]
	GetHandleVerifier [0x00393E69+480793]
	Ordinal0 [0x002B218D+2105741]
	Ordinal0 [0x002B66E8+2123496]
	Ordinal0 [0x002B6827+2123815]
	Ordinal0 [0x002BFB73+2161523]
	BaseThreadInitThunk [0x75B9FA29+25]
	RtlGetAppContainerNamedObjectPath [0x77B87A7E+286]
	RtlGetAppContainerNamedObjectPath [0x77B87A4E+238]
	(No symbol) [0x00000000]

	at sun.reflect.NativeConstructorAccessorImpl.newInstance0(Native Method)
	at sun.reflect.NativeConstructorAccessorImpl.newInstance(NativeConstructorAccessorImpl.java:62)
	at sun.reflect.DelegatingConstructorAccessorImpl.newInstance(DelegatingConstructorAccessorImpl.java:45)
	at java.lang.reflect.Constructor.newInstance(Constructor.java:423)
	at org.openqa.selenium.remote.W3CHandshakeResponse.lambda$errorHandler$0(W3CHandshakeResponse.java:62)
	at org.openqa.selenium.remote.HandshakeResponse.lambda$getResponseFunction$0(HandshakeResponse.java:30)
	at org.openqa.selenium.remote.ProtocolHandshake.lambda$createSession$0(ProtocolHandshake.java:126)
	at java.util.stream.ReferencePipeline$3$1.accept(ReferencePipeline.java:193)
	at java.util.Spliterators$ArraySpliterator.tryAdvance(Spliterators.java:958)
	at java.util.stream.ReferencePipeline.forEachWithCancel(ReferencePipeline.java:126)
	at java.util.stream.AbstractPipeline.copyIntoWithCancel(AbstractPipeline.java:499)
	at java.util.stream.AbstractPipeline.copyInto(AbstractPipeline.java:486)
	at java.util.stream.AbstractPipeline.wrapAndCopyInto(AbstractPipeline.java:472)
	at java.util.stream.FindOps$FindOp.evaluateSequential(FindOps.java:152)
	at java.util.stream.AbstractPipeline.evaluate(AbstractPipeline.java:234)
	at java.util.stream.ReferencePipeline.findFirst(ReferencePipeline.java:464)
	at org.openqa.selenium.remote.ProtocolHandshake.createSession(ProtocolHandshake.java:128)
	at org.openqa.selenium.remote.ProtocolHandshake.createSession(ProtocolHandshake.java:74)
	at org.openqa.selenium.remote.HttpCommandExecutor.execute(HttpCommandExecutor.java:136)
	at org.openqa.selenium.remote.service.DriverCommandExecutor.execute(DriverCommandExecutor.java:83)
	at org.openqa.selenium.remote.RemoteWebDriver.execute(RemoteWebDriver.java:552)
	at org.openqa.selenium.remote.RemoteWebDriver.startSession(RemoteWebDriver.java:213)
	at org.openqa.selenium.remote.RemoteWebDriver.&lt;init&gt;(RemoteWebDriver.java:131)
	at org.openqa.selenium.chrome.ChromeDriver.&lt;init&gt;(ChromeDriver.java:181)
	at org.openqa.selenium.chrome.ChromeDriver.&lt;init&gt;(ChromeDriver.java:168)
	at org.openqa.selenium.chrome.ChromeDriver.&lt;init&gt;(ChromeDriver.java:123)
	at com.crm.qa.base.TestBase.initialization(TestBase.java:40)
	at com.crm.qa.testcases.HomePageTest.setUp(HomePageTest.java:30)
	at sun.reflect.NativeMethodAccessorImpl.invoke0(Native Method)
	at sun.reflect.NativeMethodAccessorImpl.invoke(NativeMethodAccessorImpl.java:62)
	at sun.reflect.DelegatingMethodAccessorImpl.invoke(DelegatingMethodAccessorImpl.java:43)
	at java.lang.reflect.Method.invoke(Method.java:498)
	at org.testng.internal.MethodInvocationHelper.invokeMethod(MethodInvocationHelper.java:132)
	at org.testng.internal.MethodInvocationHelper.invokeMethodConsideringTimeout(MethodInvocationHelper.java:61)
	at org.testng.internal.ConfigInvoker.invokeConfigurationMethod(ConfigInvoker.java:366)
	at org.testng.internal.ConfigInvoker.invokeConfigurations(ConfigInvoker.java:320)
	at org.testng.internal.TestInvoker.runConfigMethods(TestInvoker.java:701)
	at org.testng.internal.TestInvoker.invokeMethod(TestInvoker.java:527)
	at org.testng.internal.TestInvoker.invokeTestMethod(TestInvoker.java:174)
	at org.testng.internal.MethodRunner.runInSequence(MethodRunner.java:46)
	at org.testng.internal.TestInvoker$MethodInvocationAgent.invoke(TestInvoker.java:822)
	at org.testng.internal.TestInvoker.invokeTestMethods(TestInvoker.java:147)
	at org.testng.internal.TestMethodWorker.invokeTestMethods(TestMethodWorker.java:146)
	at org.testng.internal.TestMethodWorker.run(TestMethodWorker.java:128)
	at java.util.ArrayList.forEach(ArrayList.java:1257)
	at org.testng.TestRunner.privateRun(TestRunner.java:764)
	at org.testng.TestRunner.run(TestRunner.java:585)
	at org.testng.SuiteRunner.runTest(SuiteRunner.java:384)
	at org.testng.SuiteRunner.runSequentially(SuiteRunner.java:378)
	at org.testng.SuiteRunner.privateRun(SuiteRunner.java:337)
	at org.testng.SuiteRunner.run(SuiteRunner.java:286)
	at org.testng.SuiteRunnerWorker.runSuite(SuiteRunnerWorker.java:53)
	at org.testng.SuiteRunnerWorker.run(SuiteRunnerWorker.java:96)
	at org.testng.TestNG.runSuitesSequentially(TestNG.java:1218)
	at org.testng.TestNG.runSuitesLocally(TestNG.java:1140)
	at org.testng.TestNG.runSuites(TestNG.java:1069)
	at org.testng.TestNG.run(TestNG.java:1037)
	at org.apache.maven.surefire.testng.TestNGExecutor.run(TestNGExecutor.java:135)
	at org.apache.maven.surefire.testng.TestNGDirectoryTestSuite.executeMulti(TestNGDirectoryTestSuite.java:193)
	at org.apache.maven.surefire.testng.TestNGDirectoryTestSuite.execute(TestNGDirectoryTestSuite.java:94)
	at org.apache.maven.surefire.testng.TestNGProvider.invoke(TestNGProvider.java:146)
	at org.apache.maven.surefire.booter.ForkedBooter.invokeProviderInSameClassLoader(ForkedBooter.java:384)
	at org.apache.maven.surefire.booter.ForkedBooter.runSuitesInProcess(ForkedBooter.java:345)
	at org.apache.maven.surefire.booter.ForkedBooter.execute(ForkedBooter.java:126)
	at org.apache.maven.surefire.booter.ForkedBooter.main(ForkedBooter.java:418)
</pre></div></td>
<td>0</td>
<td>com.crm.qa.testcases.HomePageTest@1e127982</td></tr>
<tr>
<td title='com.crm.qa.testcases.HomePageTest.validateUserName()'><b>validateUserName</b><br>Test class: com.crm.qa.testcases.HomePageTest</td>
<td><div><pre>org.openqa.selenium.SessionNotCreatedException: session not created
from timeout: Timed out receiving message from renderer: 600.000
  (Session info: chrome=91.0.4472.124)
Build info: version: &apos;3.141.59&apos;, revision: &apos;e82be7d358&apos;, time: &apos;2018-11-14T08:17:03&apos;
System info: host: &apos;DESKTOP-S5UNGIC&apos;, ip: &apos;192.168.29.135&apos;, os.name: &apos;Windows 10&apos;, os.arch: &apos;amd64&apos;, os.version: &apos;10.0&apos;, java.version: &apos;1.8.0_221&apos;
Driver info: driver.version: ChromeDriver
remote stacktrace: Backtrace:
	Ordinal0 [0x00313733+2504499]
	Ordinal0 [0x002AC401+2081793]
	Ordinal0 [0x001B2628+1058344]
	Ordinal0 [0x001A4EBF+1003199]
	Ordinal0 [0x001A3EF9+999161]
	Ordinal0 [0x001A41B6+999862]
	Ordinal0 [0x001A3AA5+998053]
	Ordinal0 [0x001AA6DD+1025757]
	Ordinal0 [0x001A3A61+997985]
	Ordinal0 [0x001A4986+1001862]
	Ordinal0 [0x001A3EF9+999161]
	Ordinal0 [0x001A41B6+999862]
	Ordinal0 [0x001A3AA5+998053]
	Ordinal0 [0x001A990C+1022220]
	Ordinal0 [0x001A3A61+997985]
	Ordinal0 [0x001A4986+1001862]
	Ordinal0 [0x001A3EF9+999161]
	Ordinal0 [0x001A41B6+999862]
	Ordinal0 [0x001A3AA5+998053]
	Ordinal0 [0x0019F5DD+980445]
	Ordinal0 [0x001A3A61+997985]
	Ordinal0 [0x001A3800+997376]
	Ordinal0 [0x001A3599+996761]
	Ordinal0 [0x001B3830+1062960]
	Ordinal0 [0x001FABB9+1354681]
	Ordinal0 [0x001F97DA+1349594]
	Ordinal0 [0x001F5D4B+1334603]
	Ordinal0 [0x001D22B4+1188532]
	Ordinal0 [0x001D3149+1192265]
	GetHandleVerifier [0x0048FB8C+1512252]
	GetHandleVerifier [0x0053B0DF+2214031]
	GetHandleVerifier [0x00394BC3+484211]
	GetHandleVerifier [0x00393E69+480793]
	Ordinal0 [0x002B218D+2105741]
	Ordinal0 [0x002B66E8+2123496]
	Ordinal0 [0x002B6827+2123815]
	Ordinal0 [0x002BFB73+2161523]
	BaseThreadInitThunk [0x75B9FA29+25]
	RtlGetAppContainerNamedObjectPath [0x77B87A7E+286]
	RtlGetAppContainerNamedObjectPath [0x77B87A4E+238]
	(No symbol) [0x00000000]

	at org.openqa.selenium.remote.W3CHandshakeResponse.lambda$errorHandler$0(W3CHandshakeResponse.java:62)
	at org.openqa.selenium.remote.HandshakeResponse.lambda$getResponseFunction$0(HandshakeResponse.java:30)
	at org.openqa.selenium.remote.ProtocolHandshake.lambda$createSession$0(ProtocolHandshake.java:126)
	at java.util.stream.ReferencePipeline$3$1.accept(ReferencePipeline.java:193)
	at java.util.Spliterators$ArraySpliterator.tryAdvance(Spliterators.java:958)
	at java.util.stream.ReferencePipeline.forEachWithCancel(ReferencePipeline.java:126)
	at java.util.stream.AbstractPipeline.copyIntoWithCancel(AbstractPipeline.java:499)
	at java.util.stream.AbstractPipeline.copyInto(AbstractPipeline.java:486)
	at java.util.stream.AbstractPipeline.wrapAndCopyInto(AbstractPipeline.java:472)
	at java.util.stream.FindOps$FindOp.evaluateSequential(FindOps.java:152)
	at java.util.stream.AbstractPipeline.evaluate(AbstractPipeline.java:234)
	at java.util.stream.ReferencePipeline.findFirst(ReferencePipeline.java:464)
	at org.openqa.selenium.remote.ProtocolHandshake.createSession(ProtocolHandshake.java:128)
	at org.openqa.selenium.remote.ProtocolHandshake.createSession(ProtocolHandshake.java:74)
	at org.openqa.selenium.remote.HttpCommandExecutor.execute(HttpCommandExecutor.java:136)
	at org.openqa.selenium.remote.service.DriverCommandExecutor.execute(DriverCommandExecutor.java:83)
	at org.openqa.selenium.remote.RemoteWebDriver.execute(RemoteWebDriver.java:552)
	at org.openqa.selenium.remote.RemoteWebDriver.startSession(RemoteWebDriver.java:213)
	at org.openqa.selenium.remote.RemoteWebDriver.&lt;init&gt;(RemoteWebDriver.java:131)
	at org.openqa.selenium.chrome.ChromeDriver.&lt;init&gt;(ChromeDriver.java:181)
	at org.openqa.selenium.chrome.ChromeDriver.&lt;init&gt;(ChromeDriver.java:168)
	at org.openqa.selenium.chrome.ChromeDriver.&lt;init&gt;(ChromeDriver.java:123)
	at com.crm.qa.base.TestBase.initialization(TestBase.java:40)
	at com.crm.qa.testcases.HomePageTest.setUp(HomePageTest.java:30)
	at java.util.ArrayList.forEach(ArrayList.java:1257)
... Removed 40 stack frames</pre></div><a href='#' onClick='toggleBox("stack-trace1778877569", this, "Click to show all stack frames", "Click to hide stack frames")'>Click to show all stack frames</a>
<div class='stack-trace' id='stack-trace1778877569'><pre>org.openqa.selenium.SessionNotCreatedException: session not created
from timeout: Timed out receiving message from renderer: 600.000
  (Session info: chrome=91.0.4472.124)
Build info: version: &apos;3.141.59&apos;, revision: &apos;e82be7d358&apos;, time: &apos;2018-11-14T08:17:03&apos;
System info: host: &apos;DESKTOP-S5UNGIC&apos;, ip: &apos;192.168.29.135&apos;, os.name: &apos;Windows 10&apos;, os.arch: &apos;amd64&apos;, os.version: &apos;10.0&apos;, java.version: &apos;1.8.0_221&apos;
Driver info: driver.version: ChromeDriver
remote stacktrace: Backtrace:
	Ordinal0 [0x00313733+2504499]
	Ordinal0 [0x002AC401+2081793]
	Ordinal0 [0x001B2628+1058344]
	Ordinal0 [0x001A4EBF+1003199]
	Ordinal0 [0x001A3EF9+999161]
	Ordinal0 [0x001A41B6+999862]
	Ordinal0 [0x001A3AA5+998053]
	Ordinal0 [0x001AA6DD+1025757]
	Ordinal0 [0x001A3A61+997985]
	Ordinal0 [0x001A4986+1001862]
	Ordinal0 [0x001A3EF9+999161]
	Ordinal0 [0x001A41B6+999862]
	Ordinal0 [0x001A3AA5+998053]
	Ordinal0 [0x001A990C+1022220]
	Ordinal0 [0x001A3A61+997985]
	Ordinal0 [0x001A4986+1001862]
	Ordinal0 [0x001A3EF9+999161]
	Ordinal0 [0x001A41B6+999862]
	Ordinal0 [0x001A3AA5+998053]
	Ordinal0 [0x0019F5DD+980445]
	Ordinal0 [0x001A3A61+997985]
	Ordinal0 [0x001A3800+997376]
	Ordinal0 [0x001A3599+996761]
	Ordinal0 [0x001B3830+1062960]
	Ordinal0 [0x001FABB9+1354681]
	Ordinal0 [0x001F97DA+1349594]
	Ordinal0 [0x001F5D4B+1334603]
	Ordinal0 [0x001D22B4+1188532]
	Ordinal0 [0x001D3149+1192265]
	GetHandleVerifier [0x0048FB8C+1512252]
	GetHandleVerifier [0x0053B0DF+2214031]
	GetHandleVerifier [0x00394BC3+484211]
	GetHandleVerifier [0x00393E69+480793]
	Ordinal0 [0x002B218D+2105741]
	Ordinal0 [0x002B66E8+2123496]
	Ordinal0 [0x002B6827+2123815]
	Ordinal0 [0x002BFB73+2161523]
	BaseThreadInitThunk [0x75B9FA29+25]
	RtlGetAppContainerNamedObjectPath [0x77B87A7E+286]
	RtlGetAppContainerNamedObjectPath [0x77B87A4E+238]
	(No symbol) [0x00000000]

	at sun.reflect.NativeConstructorAccessorImpl.newInstance0(Native Method)
	at sun.reflect.NativeConstructorAccessorImpl.newInstance(NativeConstructorAccessorImpl.java:62)
	at sun.reflect.DelegatingConstructorAccessorImpl.newInstance(DelegatingConstructorAccessorImpl.java:45)
	at java.lang.reflect.Constructor.newInstance(Constructor.java:423)
	at org.openqa.selenium.remote.W3CHandshakeResponse.lambda$errorHandler$0(W3CHandshakeResponse.java:62)
	at org.openqa.selenium.remote.HandshakeResponse.lambda$getResponseFunction$0(HandshakeResponse.java:30)
	at org.openqa.selenium.remote.ProtocolHandshake.lambda$createSession$0(ProtocolHandshake.java:126)
	at java.util.stream.ReferencePipeline$3$1.accept(ReferencePipeline.java:193)
	at java.util.Spliterators$ArraySpliterator.tryAdvance(Spliterators.java:958)
	at java.util.stream.ReferencePipeline.forEachWithCancel(ReferencePipeline.java:126)
	at java.util.stream.AbstractPipeline.copyIntoWithCancel(AbstractPipeline.java:499)
	at java.util.stream.AbstractPipeline.copyInto(AbstractPipeline.java:486)
	at java.util.stream.AbstractPipeline.wrapAndCopyInto(AbstractPipeline.java:472)
	at java.util.stream.FindOps$FindOp.evaluateSequential(FindOps.java:152)
	at java.util.stream.AbstractPipeline.evaluate(AbstractPipeline.java:234)
	at java.util.stream.ReferencePipeline.findFirst(ReferencePipeline.java:464)
	at org.openqa.selenium.remote.ProtocolHandshake.createSession(ProtocolHandshake.java:128)
	at org.openqa.selenium.remote.ProtocolHandshake.createSession(ProtocolHandshake.java:74)
	at org.openqa.selenium.remote.HttpCommandExecutor.execute(HttpCommandExecutor.java:136)
	at org.openqa.selenium.remote.service.DriverCommandExecutor.execute(DriverCommandExecutor.java:83)
	at org.openqa.selenium.remote.RemoteWebDriver.execute(RemoteWebDriver.java:552)
	at org.openqa.selenium.remote.RemoteWebDriver.startSession(RemoteWebDriver.java:213)
	at org.openqa.selenium.remote.RemoteWebDriver.&lt;init&gt;(RemoteWebDriver.java:131)
	at org.openqa.selenium.chrome.ChromeDriver.&lt;init&gt;(ChromeDriver.java:181)
	at org.openqa.selenium.chrome.ChromeDriver.&lt;init&gt;(ChromeDriver.java:168)
	at org.openqa.selenium.chrome.ChromeDriver.&lt;init&gt;(ChromeDriver.java:123)
	at com.crm.qa.base.TestBase.initialization(TestBase.java:40)
	at com.crm.qa.testcases.HomePageTest.setUp(HomePageTest.java:30)
	at sun.reflect.NativeMethodAccessorImpl.invoke0(Native Method)
	at sun.reflect.NativeMethodAccessorImpl.invoke(NativeMethodAccessorImpl.java:62)
	at sun.reflect.DelegatingMethodAccessorImpl.invoke(DelegatingMethodAccessorImpl.java:43)
	at java.lang.reflect.Method.invoke(Method.java:498)
	at org.testng.internal.MethodInvocationHelper.invokeMethod(MethodInvocationHelper.java:132)
	at org.testng.internal.MethodInvocationHelper.invokeMethodConsideringTimeout(MethodInvocationHelper.java:61)
	at org.testng.internal.ConfigInvoker.invokeConfigurationMethod(ConfigInvoker.java:366)
	at org.testng.internal.ConfigInvoker.invokeConfigurations(ConfigInvoker.java:320)
	at org.testng.internal.TestInvoker.runConfigMethods(TestInvoker.java:701)
	at org.testng.internal.TestInvoker.invokeMethod(TestInvoker.java:527)
	at org.testng.internal.TestInvoker.invokeTestMethod(TestInvoker.java:174)
	at org.testng.internal.MethodRunner.runInSequence(MethodRunner.java:46)
	at org.testng.internal.TestInvoker$MethodInvocationAgent.invoke(TestInvoker.java:822)
	at org.testng.internal.TestInvoker.invokeTestMethods(TestInvoker.java:147)
	at org.testng.internal.TestMethodWorker.invokeTestMethods(TestMethodWorker.java:146)
	at org.testng.internal.TestMethodWorker.run(TestMethodWorker.java:128)
	at java.util.ArrayList.forEach(ArrayList.java:1257)
	at org.testng.TestRunner.privateRun(TestRunner.java:764)
	at org.testng.TestRunner.run(TestRunner.java:585)
	at org.testng.SuiteRunner.runTest(SuiteRunner.java:384)
	at org.testng.SuiteRunner.runSequentially(SuiteRunner.java:378)
	at org.testng.SuiteRunner.privateRun(SuiteRunner.java:337)
	at org.testng.SuiteRunner.run(SuiteRunner.java:286)
	at org.testng.SuiteRunnerWorker.runSuite(SuiteRunnerWorker.java:53)
	at org.testng.SuiteRunnerWorker.run(SuiteRunnerWorker.java:96)
	at org.testng.TestNG.runSuitesSequentially(TestNG.java:1218)
	at org.testng.TestNG.runSuitesLocally(TestNG.java:1140)
	at org.testng.TestNG.runSuites(TestNG.java:1069)
	at org.testng.TestNG.run(TestNG.java:1037)
	at org.apache.maven.surefire.testng.TestNGExecutor.run(TestNGExecutor.java:135)
	at org.apache.maven.surefire.testng.TestNGDirectoryTestSuite.executeMulti(TestNGDirectoryTestSuite.java:193)
	at org.apache.maven.surefire.testng.TestNGDirectoryTestSuite.execute(TestNGDirectoryTestSuite.java:94)
	at org.apache.maven.surefire.testng.TestNGProvider.invoke(TestNGProvider.java:146)
	at org.apache.maven.surefire.booter.ForkedBooter.invokeProviderInSameClassLoader(ForkedBooter.java:384)
	at org.apache.maven.surefire.booter.ForkedBooter.runSuitesInProcess(ForkedBooter.java:345)
	at org.apache.maven.surefire.booter.ForkedBooter.execute(ForkedBooter.java:126)
	at org.apache.maven.surefire.booter.ForkedBooter.main(ForkedBooter.java:418)
</pre></div></td>
<td>0</td>
<td>com.crm.qa.testcases.HomePageTest@1e127982</td></tr>
</table><p>
</body>
</html>