<?xml version="1.0" encoding="UTF-8"?>
<!-- Generated by org.testng.reporters.JUnitXMLReporter -->
<testsuite hostname="DESKTOP-S5UNGIC" ignored="0" name="Surefire test" tests="8" failures="0" timestamp="2021-07-15T13:00:56 IST" time="700.938" errors="0">
  <testcase name="@BeforeMethod setUp" time="601.739" classname="com.crm.qa.testcases.HomePageTest">
    <failure type="org.openqa.selenium.SessionNotCreatedException" message="session not created
from timeout: Timed out receiving message from renderer: 600.000
  (Session info: chrome=91.0.4472.124)
Build info: version: &amp;apos;3.141.59&amp;apos;, revision: &amp;apos;e82be7d358&amp;apos;, time: &amp;apos;2018-11-14T08:17:03&amp;apos;
System info: host: &amp;apos;DESKTOP-S5UNGIC&amp;apos;, ip: &amp;apos;192.168.29.135&amp;apos;, os.name: &amp;apos;Windows 10&amp;apos;, os.arch: &amp;apos;amd64&amp;apos;, os.version: &amp;apos;10.0&amp;apos;, java.version: &amp;apos;1.8.0_221&amp;apos;
Driver info: driver.version: ChromeDriver
remote stacktrace: Backtrace:
	Ordinal0 [0x00313733+2504499]
	Ordinal0 [0x002AC401+2081793]
	Ordinal0 [0x001B2628+1058344]
	Ordinal0 [0x001A4EBF+1003199]
	Ordinal0 [0x001A3EF9+999161]
	Ordinal0 [0x001A41B6+999862]
	Ordinal0 [0x001A3AA5+998053]
	Ordinal0 [0x001AA6DD+1025757]
	Ordinal0 [0x001A3A61+997985]
	Ordinal0 [0x001A4986+1001862]
	Ordinal0 [0x001A3EF9+999161]
	Ordinal0 [0x001A41B6+999862]
	Ordinal0 [0x001A3AA5+998053]
	Ordinal0 [0x001A990C+1022220]
	Ordinal0 [0x001A3A61+997985]
	Ordinal0 [0x001A4986+1001862]
	Ordinal0 [0x001A3EF9+999161]
	Ordinal0 [0x001A41B6+999862]
	Ordinal0 [0x001A3AA5+998053]
	Ordinal0 [0x0019F5DD+980445]
	Ordinal0 [0x001A3A61+997985]
	Ordinal0 [0x001A3800+997376]
	Ordinal0 [0x001A3599+996761]
	Ordinal0 [0x001B3830+1062960]
	Ordinal0 [0x001FABB9+1354681]
	Ordinal0 [0x001F97DA+1349594]
	Ordinal0 [0x001F5D4B+1334603]
	Ordinal0 [0x001D22B4+1188532]
	Ordinal0 [0x001D3149+1192265]
	GetHandleVerifier [0x0048FB8C+1512252]
	GetHandleVerifier [0x0053B0DF+2214031]
	GetHandleVerifier [0x00394BC3+484211]
	GetHandleVerifier [0x00393E69+480793]
	Ordinal0 [0x002B218D+2105741]
	Ordinal0 [0x002B66E8+2123496]
	Ordinal0 [0x002B6827+2123815]
	Ordinal0 [0x002BFB73+2161523]
	BaseThreadInitThunk [0x75B9FA29+25]
	RtlGetAppContainerNamedObjectPath [0x77B87A7E+286]
	RtlGetAppContainerNamedObjectPath [0x77B87A4E+238]
	(No symbol) [0x00000000]
">
      <![CDATA[org.openqa.selenium.SessionNotCreatedException: session not created
from timeout: Timed out receiving message from renderer: 600.000
  (Session info: chrome=91.0.4472.124)
Build info: version: '3.141.59', revision: 'e82be7d358', time: '2018-11-14T08:17:03'
System info: host: 'DESKTOP-S5UNGIC', ip: '192.168.29.135', os.name: 'Windows 10', os.arch: 'amd64', os.version: '10.0', java.version: '1.8.0_221'
Driver info: driver.version: ChromeDriver
remote stacktrace: Backtrace:
Ordinal0 [0x00313733+2504499]
Ordinal0 [0x002AC401+2081793]
Ordinal0 [0x001B2628+1058344]
Ordinal0 [0x001A4EBF+1003199]
Ordinal0 [0x001A3EF9+999161]
Ordinal0 [0x001A41B6+999862]
Ordinal0 [0x001A3AA5+998053]
Ordinal0 [0x001AA6DD+1025757]
Ordinal0 [0x001A3A61+997985]
Ordinal0 [0x001A4986+1001862]
Ordinal0 [0x001A3EF9+999161]
Ordinal0 [0x001A41B6+999862]
Ordinal0 [0x001A3AA5+998053]
Ordinal0 [0x001A990C+1022220]
Ordinal0 [0x001A3A61+997985]
Ordinal0 [0x001A4986+1001862]
Ordinal0 [0x001A3EF9+999161]
Ordinal0 [0x001A41B6+999862]
Ordinal0 [0x001A3AA5+998053]
Ordinal0 [0x0019F5DD+980445]
Ordinal0 [0x001A3A61+997985]
Ordinal0 [0x001A3800+997376]
Ordinal0 [0x001A3599+996761]
Ordinal0 [0x001B3830+1062960]
Ordinal0 [0x001FABB9+1354681]
Ordinal0 [0x001F97DA+1349594]
Ordinal0 [0x001F5D4B+1334603]
Ordinal0 [0x001D22B4+1188532]
Ordinal0 [0x001D3149+1192265]
GetHandleVerifier [0x0048FB8C+1512252]
GetHandleVerifier [0x0053B0DF+2214031]
GetHandleVerifier [0x00394BC3+484211]
GetHandleVerifier [0x00393E69+480793]
Ordinal0 [0x002B218D+2105741]
Ordinal0 [0x002B66E8+2123496]
Ordinal0 [0x002B6827+2123815]
Ordinal0 [0x002BFB73+2161523]
BaseThreadInitThunk [0x75B9FA29+25]
RtlGetAppContainerNamedObjectPath [0x77B87A7E+286]
RtlGetAppContainerNamedObjectPath [0x77B87A4E+238]
(No symbol) [0x00000000]

at org.openqa.selenium.remote.W3CHandshakeResponse.lambda$errorHandler$0(W3CHandshakeResponse.java:62)
at org.openqa.selenium.remote.HandshakeResponse.lambda$getResponseFunction$0(HandshakeResponse.java:30)
at org.openqa.selenium.remote.ProtocolHandshake.lambda$createSession$0(ProtocolHandshake.java:126)
at java.util.stream.ReferencePipeline$3$1.accept(ReferencePipeline.java:193)
at java.util.Spliterators$ArraySpliterator.tryAdvance(Spliterators.java:958)
at java.util.stream.ReferencePipeline.forEachWithCancel(ReferencePipeline.java:126)
at java.util.stream.AbstractPipeline.copyIntoWithCancel(AbstractPipeline.java:499)
at java.util.stream.AbstractPipeline.copyInto(AbstractPipeline.java:486)
at java.util.stream.AbstractPipeline.wrapAndCopyInto(AbstractPipeline.java:472)
at java.util.stream.FindOps$FindOp.evaluateSequential(FindOps.java:152)
at java.util.stream.AbstractPipeline.evaluate(AbstractPipeline.java:234)
at java.util.stream.ReferencePipeline.findFirst(ReferencePipeline.java:464)
at org.openqa.selenium.remote.ProtocolHandshake.createSession(ProtocolHandshake.java:128)
at org.openqa.selenium.remote.ProtocolHandshake.createSession(ProtocolHandshake.java:74)
at org.openqa.selenium.remote.HttpCommandExecutor.execute(HttpCommandExecutor.java:136)
at org.openqa.selenium.remote.service.DriverCommandExecutor.execute(DriverCommandExecutor.java:83)
at org.openqa.selenium.remote.RemoteWebDriver.execute(RemoteWebDriver.java:552)
at org.openqa.selenium.remote.RemoteWebDriver.startSession(RemoteWebDriver.java:213)
at org.openqa.selenium.remote.RemoteWebDriver.<init>(RemoteWebDriver.java:131)
at org.openqa.selenium.chrome.ChromeDriver.<init>(ChromeDriver.java:181)
at org.openqa.selenium.chrome.ChromeDriver.<init>(ChromeDriver.java:168)
at org.openqa.selenium.chrome.ChromeDriver.<init>(ChromeDriver.java:123)
at com.crm.qa.base.TestBase.initialization(TestBase.java:40)
at com.crm.qa.testcases.HomePageTest.setUp(HomePageTest.java:30)
at java.util.ArrayList.forEach(ArrayList.java:1257)
... Removed 40 stack frames]]>
    </failure>
  </testcase> <!-- @BeforeMethod setUp -->
  <testcase name="@AfterMethod tearDown" time="-1.626334233448E9" classname="com.crm.qa.testcases.HomePageTest">
    <skipped/>
  </testcase> <!-- @AfterMethod tearDown -->
  <testcase name="@BeforeMethod setUp" time="-1.626334233449E9" classname="com.crm.qa.testcases.HomePageTest">
    <skipped/>
  </testcase> <!-- @BeforeMethod setUp -->
  <testcase name="@AfterMethod tearDown" time="-1.62633423345E9" classname="com.crm.qa.testcases.HomePageTest">
    <skipped/>
  </testcase> <!-- @AfterMethod tearDown -->
  <testcase name="validatecCreateNewContact" time="4.293" classname="com.crm.qa.testcases.ContactPageTest"/>
  <testcase name="validatecCreateNewContact" time="3.898" classname="com.crm.qa.testcases.ContactPageTest"/>
  <testcase name="validatecCreateNewContact" time="4.254" classname="com.crm.qa.testcases.ContactPageTest"/>
  <testcase name="verifyHomePageTitle" time="0.009" classname="com.crm.qa.testcases.HomePageTest"/>
  <testcase name="validateUserName" time="0.0" classname="com.crm.qa.testcases.HomePageTest">
    <skipped/>
  </testcase> <!-- validateUserName -->
  <testcase name="clickOnContactsLink" time="0.0" classname="com.crm.qa.testcases.HomePageTest">
    <skipped/>
  </testcase> <!-- clickOnContactsLink -->
  <testcase name="validateLoginPageTitle" time="0.029" classname="com.crm.qa.testcases.LoginPageTest"/>
  <testcase name="validateloginTest" time="5.2" classname="com.crm.qa.testcases.LoginPageTest"/>
</testsuite> <!-- Surefire test -->
